<?xml version="1.0" encoding="utf-8" standalone="no"?>
<test-run id="2" testcasecount="1" result="Passed" total="1" passed="1" failed="0" inconclusive="0" skipped="0" asserts="6" engine-version="3.7.0.0" clr-version="4.0.30319.42000" start-time="2017-10-30 21:24:59Z" end-time="2017-10-30 21:26:33Z" duration="94.895777">
  <command-line><![CDATA[/Users/itaymelamed/Desktop/automation/packages/NUnit.ConsoleRunner.3.7.0/tools/nunit3-console.exe --params=testRunId=5009 --params=env=UTest --params=siteName=90MinDe /Users/itaymelamed/Desktop/automation/Automation/bin/Debug/Automation.dll]]></command-line>
  <test-suite type="Assembly" id="0-1004" name="Automation.dll" fullname="/Users/itaymelamed/Desktop/automation/Automation/bin/Debug/Automation.dll" runstate="Runnable" testcasecount="1" result="Passed" start-time="2017-10-30 21:25:00Z" end-time="2017-10-30 21:26:33Z" duration="93.772384" total="1" passed="1" failed="0" warnings="0" inconclusive="0" skipped="0" asserts="6">
    <environment framework-version="3.8.1.0" clr-version="4.0.30319.42000" os-version="Unix 17.0.0.0" platform="Unix" cwd="/Users/itaymelamed/Desktop/LoggerService/Public" machine-name="h-MacBook-Pro-sl-Itay.local" user="itaymelamed" user-domain="h-MacBook-Pro-sl-Itay.local" culture="en-US" uiculture="en-US" os-architecture="x64" />
    <settings>
      <setting name="DisposeRunners" value="True" />
      <setting name="WorkDirectory" value="/Users/itaymelamed/Desktop/LoggerService/Public" />
      <setting name="TestParametersDictionary" value="[testRunId, 5009], [env, UTest], [siteName, 90MinDe]">
        <item key="testRunId" value="5009" />
        <item key="env" value="UTest" />
        <item key="siteName" value="90MinDe" />
      </setting>
      <setting name="TestParameters" value="testRunId=5009;env=UTest;siteName=90MinDe" />
      <setting name="ImageRuntimeVersion" value="4.0.30319" />
      <setting name="ImageTargetFrameworkName" value=".NETFramework,Version=v4.6.1" />
      <setting name="ImageRequiresX86" value="False" />
      <setting name="ImageRequiresDefaultAppDomainAssemblyResolver" value="False" />
      <setting name="NumberOfTestWorkers" value="4" />
    </settings>
    <properties>
      <property name="LevelOfParallelism" value="30" />
      <property name="_PID" value="20375" />
      <property name="_APPDOMAIN" value="domain-" />
    </properties>
    <test-suite type="TestSuite" id="0-1005" name="Automation" fullname="Automation" runstate="Runnable" testcasecount="1" result="Passed" start-time="2017-10-30 21:25:00Z" end-time="2017-10-30 21:26:33Z" duration="93.758494" total="1" passed="1" failed="0" warnings="0" inconclusive="0" skipped="0" asserts="6">
      <test-suite type="TestSuite" id="0-1006" name="TestsFolder" fullname="Automation.TestsFolder" runstate="Runnable" testcasecount="1" result="Passed" start-time="2017-10-30 21:25:00Z" end-time="2017-10-30 21:26:33Z" duration="93.757979" total="1" passed="1" failed="0" warnings="0" inconclusive="0" skipped="0" asserts="6">
        <test-suite type="TestFixture" id="0-1002" name="Paa+Test1Class" fullname="Automation.TestsFolder.Paa+Test1Class" classname="Automation.TestsFolder.Paa+Test1Class" runstate="Runnable" testcasecount="1" result="Passed" start-time="2017-10-30 21:25:00Z" end-time="2017-10-30 21:26:33Z" duration="93.713435" total="1" passed="1" failed="0" warnings="0" inconclusive="0" skipped="0" asserts="6">
          <properties>
            <property name="ParallelScope" value="Self" />
          </properties>
          <test-case id="0-1003" name="PostAnArticle" fullname="Automation.TestsFolder.Paa+Test1Class.PostAnArticle" methodname="PostAnArticle" classname="Automation.TestsFolder.Paa+Test1Class" runstate="Runnable" seed="270188742" result="Passed" start-time="2017-10-30 21:25:00Z" end-time="2017-10-30 21:26:33Z" duration="93.675138" asserts="6">
            <properties>
              <property name="TestCaseId" value="1" />
            </properties>
          </test-case>
        </test-suite>
        <test-suite type="TestFixture" id="0-1000" name="Base" fullname="Automation.TestsFolder.Base" classname="Automation.TestsFolder.Base" runstate="Runnable" testcasecount="0" result="Passed" start-time="2017-10-30 21:26:33Z" end-time="2017-10-30 21:26:33Z" duration="0.000051" total="0" passed="0" failed="0" warnings="0" inconclusive="0" skipped="0" asserts="0" />
        <test-suite type="TestFixture" id="0-1001" name="Paa" fullname="Automation.TestsFolder.Paa" classname="Automation.TestsFolder.Paa" runstate="Runnable" testcasecount="0" result="Passed" start-time="2017-10-30 21:26:33Z" end-time="2017-10-30 21:26:33Z" duration="0.000036" total="0" passed="0" failed="0" warnings="0" inconclusive="0" skipped="0" asserts="0" />
      </test-suite>
    </test-suite>
  </test-suite>
</test-run>